[debug] [2021-03-28T15:47:15.632Z] ----------------------------------------------------------------------
[debug] [2021-03-28T15:47:15.634Z] Command:       /Users/sambadiaw/.nvm/versions/node/v14.5.0/bin/node /Users/sambadiaw/.nvm/versions/node/v10.16.3/bin/firebase emulators:start --only functions
[debug] [2021-03-28T15:47:15.635Z] CLI Version:   9.5.0
[debug] [2021-03-28T15:47:15.635Z] Platform:      darwin
[debug] [2021-03-28T15:47:15.635Z] Node Version:  v14.5.0
[debug] [2021-03-28T15:47:15.636Z] Time:          Sun Mar 28 2021 16:47:15 GMT+0100 (West Africa Standard Time)
[debug] [2021-03-28T15:47:15.636Z] ----------------------------------------------------------------------
[debug] [2021-03-28T15:47:15.636Z] 
[debug] [2021-03-28T15:47:15.645Z] > command requires scopes: ["email","openid","https://www.googleapis.com/auth/cloudplatformprojects.readonly","https://www.googleapis.com/auth/firebase","https://www.googleapis.com/auth/cloud-platform"]
[debug] [2021-03-28T15:47:15.646Z] > authorizing via signed-in user
[info] i  emulators: Starting emulators: functions {"metadata":{"emulator":{"name":"hub"},"message":"Starting emulators: functions"}}
[debug] [2021-03-28T15:47:15.694Z] [hub] writing locator at /var/folders/2w/lgkj1g1s795cq7st2cdjkqhm0000gn/T/hub-mealstogo-a1c97.json
[warn] ⚠  functions: The following emulators are not running, calls to these services from the Functions emulator will affect production: auth, firestore, database, hosting, pubsub {"metadata":{"emulator":{"name":"functions"},"message":"The following emulators are not running, calls to these services from the Functions emulator will affect production: \u001b[1mauth, firestore, database, hosting, pubsub\u001b[22m"}}
[info] ✔  functions: Using node@14 from host. {"metadata":{"emulator":{"name":"functions"},"message":"Using node@14 from host."}}
[debug] [2021-03-28T15:47:15.740Z] defaultcredentials: writing to file /Users/sambadiaw/.config/firebase/sambachimerediaw_gmail_com_application_default_credentials.json
[debug] [2021-03-28T15:47:15.747Z] Setting GAC to /Users/sambadiaw/.config/firebase/sambachimerediaw_gmail_com_application_default_credentials.json {"metadata":{"emulator":{"name":"functions"},"message":"Setting GAC to /Users/sambadiaw/.config/firebase/sambachimerediaw_gmail_com_application_default_credentials.json"}}
[debug] [2021-03-28T15:47:15.749Z] > refreshing access token with scopes: []
[debug] [2021-03-28T15:47:15.750Z] >>> HTTP REQUEST POST https://www.googleapis.com/oauth2/v3/token  
 <request body omitted>
[debug] [2021-03-28T15:47:16.187Z] <<< HTTP RESPONSE 200 {"expires":"Mon, 01 Jan 1990 00:00:00 GMT","pragma":"no-cache","cache-control":"no-cache, no-store, max-age=0, must-revalidate","date":"Sun, 28 Mar 2021 15:47:16 GMT","content-type":"application/json; charset=utf-8","vary":"X-Origin, Referer, Origin,Accept-Encoding","server":"scaffolding on HTTPServer2","x-xss-protection":"0","x-frame-options":"SAMEORIGIN","x-content-type-options":"nosniff","alt-svc":"h3-29=\":443\"; ma=2592000,h3-T051=\":443\"; ma=2592000,h3-Q050=\":443\"; ma=2592000,h3-Q046=\":443\"; ma=2592000,h3-Q043=\":443\"; ma=2592000,quic=\":443\"; ma=2592000; v=\"46,43\"","accept-ranges":"none","transfer-encoding":"chunked"}
[debug] [2021-03-28T15:47:16.206Z] >>> [apiv2][query] GET https://firebase.googleapis.com/v1beta1/projects/mealstogo-a1c97/adminSdkConfig [none]
[debug] [2021-03-28T15:47:17.242Z] <<< [apiv2][status] GET https://firebase.googleapis.com/v1beta1/projects/mealstogo-a1c97/adminSdkConfig 200
[debug] [2021-03-28T15:47:17.242Z] <<< [apiv2][body] GET https://firebase.googleapis.com/v1beta1/projects/mealstogo-a1c97/adminSdkConfig {"projectId":"mealstogo-a1c97","storageBucket":"mealstogo-a1c97.appspot.com"}
[debug] [2021-03-28T15:47:17.536Z] Ignoring unsupported arg: auto_download {"metadata":{"emulator":{"name":"ui"},"message":"Ignoring unsupported arg: auto_download"}}
[debug] [2021-03-28T15:47:17.536Z] Ignoring unsupported arg: port {"metadata":{"emulator":{"name":"ui"},"message":"Ignoring unsupported arg: port"}}
[debug] [2021-03-28T15:47:17.536Z] Starting Emulator UI with command {"binary":"node","args":["/Users/sambadiaw/.cache/firebase/emulators/ui-v1.4.2/server.bundle.js"],"optionalArgs":[],"joinArgs":false} {"metadata":{"emulator":{"name":"ui"},"message":"Starting Emulator UI with command {\"binary\":\"node\",\"args\":[\"/Users/sambadiaw/.cache/firebase/emulators/ui-v1.4.2/server.bundle.js\"],\"optionalArgs\":[],\"joinArgs\":false}"}}
[info] i  ui: Emulator UI logging to ui-debug.log {"metadata":{"emulator":{"name":"ui"},"message":"Emulator UI logging to \u001b[1mui-debug.log\u001b[22m"}}
[debug] [2021-03-28T15:47:17.685Z] Web / API server started at http://localhost:4000
 {"metadata":{"emulator":{"name":"ui"},"message":"Web / API server started at http://localhost:4000\n"}}
[info] i  functions: Watching "/Users/sambadiaw/code/online_courses/zero-to-mastery/complete-react-native-developer/MealsToGo/functions" for Cloud Functions... {"metadata":{"emulator":{"name":"functions"},"message":"Watching \"/Users/sambadiaw/code/online_courses/zero-to-mastery/complete-react-native-developer/MealsToGo/functions\" for Cloud Functions..."}}
[debug] [2021-03-28T15:47:17.829Z] [worker-pool] addWorker(~diagnostic~) {"metadata":{"emulator":{"name":"functions"},"message":"[worker-pool] addWorker(~diagnostic~)"}}
[debug] [2021-03-28T15:47:17.830Z] [worker-pool] Adding worker with key ~diagnostic~, total=1 {"metadata":{"emulator":{"name":"functions"},"message":"[worker-pool] Adding worker with key ~diagnostic~, total=1"}}
[debug] [2021-03-28T15:47:17.830Z] [worker-pool] submitWork(triggerId=) {"metadata":{"emulator":{"name":"functions"},"message":"[worker-pool] submitWork(triggerId=)"}}
[debug] [2021-03-28T15:47:17.831Z] [worker-~diagnostic~-0112c1de-fd80-4b35-8f16-8334ce363212]: Assigning socketPath: /var/folders/2w/lgkj1g1s795cq7st2cdjkqhm0000gn/T/fire_emu_6272.sock {"metadata":{"emulator":{"name":"functions"},"message":"[worker-~diagnostic~-0112c1de-fd80-4b35-8f16-8334ce363212]: Assigning socketPath: /var/folders/2w/lgkj1g1s795cq7st2cdjkqhm0000gn/T/fire_emu_6272.sock"}}
[debug] [2021-03-28T15:47:17.831Z] [worker-~diagnostic~-0112c1de-fd80-4b35-8f16-8334ce363212]: BUSY {"metadata":{"emulator":{"name":"functions"},"message":"[worker-~diagnostic~-0112c1de-fd80-4b35-8f16-8334ce363212]: BUSY"}}
[debug] [2021-03-28T15:47:18.001Z] [runtime-status] [6272] Functions runtime initialized. {"cwd":"/Users/sambadiaw/code/online_courses/zero-to-mastery/complete-react-native-developer/MealsToGo/functions","node_version":"14.5.0"} {"metadata":{"emulator":{"name":"functions"},"message":"[runtime-status] [6272] Functions runtime initialized. {\"cwd\":\"/Users/sambadiaw/code/online_courses/zero-to-mastery/complete-react-native-developer/MealsToGo/functions\",\"node_version\":\"14.5.0\"}"}}
[debug] [2021-03-28T15:47:18.002Z] [runtime-status] [6272] Disabled runtime features: undefined {"metadata":{"emulator":{"name":"functions"},"message":"[runtime-status] [6272] Disabled runtime features: undefined"}}
[debug] [2021-03-28T15:47:18.004Z] [runtime-status] [6272] Resolved module firebase-admin {"declared":true,"installed":true,"version":"9.5.0","resolution":"/Users/sambadiaw/code/online_courses/zero-to-mastery/complete-react-native-developer/MealsToGo/functions/node_modules/firebase-admin/lib/index.js"} {"metadata":{"emulator":{"name":"functions"},"message":"[runtime-status] [6272] Resolved module firebase-admin {\"declared\":true,\"installed\":true,\"version\":\"9.5.0\",\"resolution\":\"/Users/sambadiaw/code/online_courses/zero-to-mastery/complete-react-native-developer/MealsToGo/functions/node_modules/firebase-admin/lib/index.js\"}"}}
[debug] [2021-03-28T15:47:18.006Z] [runtime-status] [6272] Resolved module firebase-functions {"declared":true,"installed":true,"version":"3.13.2","resolution":"/Users/sambadiaw/code/online_courses/zero-to-mastery/complete-react-native-developer/MealsToGo/functions/node_modules/firebase-functions/lib/index.js"} {"metadata":{"emulator":{"name":"functions"},"message":"[runtime-status] [6272] Resolved module firebase-functions {\"declared\":true,\"installed\":true,\"version\":\"3.13.2\",\"resolution\":\"/Users/sambadiaw/code/online_courses/zero-to-mastery/complete-react-native-developer/MealsToGo/functions/node_modules/firebase-functions/lib/index.js\"}"}}
[debug] [2021-03-28T15:47:18.007Z] [runtime-status] [6272] Resolved module firebase-functions {"declared":true,"installed":true,"version":"3.13.2","resolution":"/Users/sambadiaw/code/online_courses/zero-to-mastery/complete-react-native-developer/MealsToGo/functions/node_modules/firebase-functions/lib/index.js"} {"metadata":{"emulator":{"name":"functions"},"message":"[runtime-status] [6272] Resolved module firebase-functions {\"declared\":true,\"installed\":true,\"version\":\"3.13.2\",\"resolution\":\"/Users/sambadiaw/code/online_courses/zero-to-mastery/complete-react-native-developer/MealsToGo/functions/node_modules/firebase-functions/lib/index.js\"}"}}
[debug] [2021-03-28T15:47:18.009Z] [runtime-status] [6272] Outgoing network have been stubbed. [{"name":"http","status":"mocked"},{"name":"http","status":"mocked"},{"name":"https","status":"mocked"},{"name":"https","status":"mocked"},{"name":"net","status":"mocked"}] {"metadata":{"emulator":{"name":"functions"},"message":"[runtime-status] [6272] Outgoing network have been stubbed. [{\"name\":\"http\",\"status\":\"mocked\"},{\"name\":\"http\",\"status\":\"mocked\"},{\"name\":\"https\",\"status\":\"mocked\"},{\"name\":\"https\",\"status\":\"mocked\"},{\"name\":\"net\",\"status\":\"mocked\"}]"}}
[debug] [2021-03-28T15:47:18.010Z] [runtime-status] [6272] Resolved module firebase-functions {"declared":true,"installed":true,"version":"3.13.2","resolution":"/Users/sambadiaw/code/online_courses/zero-to-mastery/complete-react-native-developer/MealsToGo/functions/node_modules/firebase-functions/lib/index.js"} {"metadata":{"emulator":{"name":"functions"},"message":"[runtime-status] [6272] Resolved module firebase-functions {\"declared\":true,\"installed\":true,\"version\":\"3.13.2\",\"resolution\":\"/Users/sambadiaw/code/online_courses/zero-to-mastery/complete-react-native-developer/MealsToGo/functions/node_modules/firebase-functions/lib/index.js\"}"}}
[debug] [2021-03-28T15:47:18.047Z] [runtime-status] [6272] Checked functions.config() {"config":{}} {"metadata":{"emulator":{"name":"functions"},"message":"[runtime-status] [6272] Checked functions.config() {\"config\":{}}"}}
[debug] [2021-03-28T15:47:18.047Z] [runtime-status] [6272] firebase-functions has been stubbed. {"functionsResolution":{"declared":true,"installed":true,"version":"3.13.2","resolution":"/Users/sambadiaw/code/online_courses/zero-to-mastery/complete-react-native-developer/MealsToGo/functions/node_modules/firebase-functions/lib/index.js"}} {"metadata":{"emulator":{"name":"functions"},"message":"[runtime-status] [6272] firebase-functions has been stubbed. {\"functionsResolution\":{\"declared\":true,\"installed\":true,\"version\":\"3.13.2\",\"resolution\":\"/Users/sambadiaw/code/online_courses/zero-to-mastery/complete-react-native-developer/MealsToGo/functions/node_modules/firebase-functions/lib/index.js\"}}"}}
[debug] [2021-03-28T15:47:18.048Z] [runtime-status] [6272] Resolved module firebase-functions {"declared":true,"installed":true,"version":"3.13.2","resolution":"/Users/sambadiaw/code/online_courses/zero-to-mastery/complete-react-native-developer/MealsToGo/functions/node_modules/firebase-functions/lib/index.js"} {"metadata":{"emulator":{"name":"functions"},"message":"[runtime-status] [6272] Resolved module firebase-functions {\"declared\":true,\"installed\":true,\"version\":\"3.13.2\",\"resolution\":\"/Users/sambadiaw/code/online_courses/zero-to-mastery/complete-react-native-developer/MealsToGo/functions/node_modules/firebase-functions/lib/index.js\"}"}}
[debug] [2021-03-28T15:47:18.048Z] [runtime-status] [6272] Resolved module firebase-admin {"declared":true,"installed":true,"version":"9.5.0","resolution":"/Users/sambadiaw/code/online_courses/zero-to-mastery/complete-react-native-developer/MealsToGo/functions/node_modules/firebase-admin/lib/index.js"} {"metadata":{"emulator":{"name":"functions"},"message":"[runtime-status] [6272] Resolved module firebase-admin {\"declared\":true,\"installed\":true,\"version\":\"9.5.0\",\"resolution\":\"/Users/sambadiaw/code/online_courses/zero-to-mastery/complete-react-native-developer/MealsToGo/functions/node_modules/firebase-admin/lib/index.js\"}"}}
[debug] [2021-03-28T15:47:18.049Z] [runtime-status] [6272] Resolved module firebase-functions {"declared":true,"installed":true,"version":"3.13.2","resolution":"/Users/sambadiaw/code/online_courses/zero-to-mastery/complete-react-native-developer/MealsToGo/functions/node_modules/firebase-functions/lib/index.js"} {"metadata":{"emulator":{"name":"functions"},"message":"[runtime-status] [6272] Resolved module firebase-functions {\"declared\":true,\"installed\":true,\"version\":\"3.13.2\",\"resolution\":\"/Users/sambadiaw/code/online_courses/zero-to-mastery/complete-react-native-developer/MealsToGo/functions/node_modules/firebase-functions/lib/index.js\"}"}}
[debug] [2021-03-28T15:47:18.049Z] [runtime-status] [6272] firebase-admin has been stubbed. {"adminResolution":{"declared":true,"installed":true,"version":"9.5.0","resolution":"/Users/sambadiaw/code/online_courses/zero-to-mastery/complete-react-native-developer/MealsToGo/functions/node_modules/firebase-admin/lib/index.js"}} {"metadata":{"emulator":{"name":"functions"},"message":"[runtime-status] [6272] firebase-admin has been stubbed. {\"adminResolution\":{\"declared\":true,\"installed\":true,\"version\":\"9.5.0\",\"resolution\":\"/Users/sambadiaw/code/online_courses/zero-to-mastery/complete-react-native-developer/MealsToGo/functions/node_modules/firebase-admin/lib/index.js\"}}"}}
[info] ✔  functions[geocode]: http function initialized (http://localhost:5001/mealstogo-a1c97/us-central1/geocode). {"metadata":{"emulator":{"name":"functions"},"message":"\u001b[1mhttp\u001b[22m function initialized (http://localhost:5001/mealstogo-a1c97/us-central1/geocode)."}}
[info] ✔  functions[placesNearby]: http function initialized (http://localhost:5001/mealstogo-a1c97/us-central1/placesNearby). {"metadata":{"emulator":{"name":"functions"},"message":"\u001b[1mhttp\u001b[22m function initialized (http://localhost:5001/mealstogo-a1c97/us-central1/placesNearby)."}}
[info] 
┌─────────────────────────────────────────────────────────────┐
│ ✔  All emulators ready! It is now safe to connect your app. │
│ i  View Emulator UI at http://localhost:4000                │
└─────────────────────────────────────────────────────────────┘

┌───────────┬────────────────┬─────────────────────────────────┐
│ Emulator  │ Host:Port      │ View in Emulator UI             │
├───────────┼────────────────┼─────────────────────────────────┤
│ Functions │ localhost:5001 │ http://localhost:4000/functions │
└───────────┴────────────────┴─────────────────────────────────┘
  Emulator Hub running at localhost:4400
  Other reserved ports: 4500

Issues? Report them at https://github.com/firebase/firebase-tools/issues and attach the *-debug.log files.
 
[debug] [2021-03-28T15:47:18.075Z] [worker-~diagnostic~-0112c1de-fd80-4b35-8f16-8334ce363212]: IDLE {"metadata":{"emulator":{"name":"functions"},"message":"[worker-~diagnostic~-0112c1de-fd80-4b35-8f16-8334ce363212]: IDLE"}}
[debug] [2021-03-28T15:47:36.553Z] [work-queue] {"queueLength":1,"workRunningCount":0}
[debug] [2021-03-28T15:47:36.554Z] [work-queue] {"queueLength":0,"workRunningCount":1}
[debug] [2021-03-28T15:47:36.554Z] Accepted request GET /mealstogo-a1c97/us-central1/placesNearby --> placesNearby
[debug] [2021-03-28T15:47:36.561Z] [worker-pool] addWorker(placesNearby) {"metadata":{"emulator":{"name":"functions"},"message":"[worker-pool] addWorker(placesNearby)"}}
[debug] [2021-03-28T15:47:36.561Z] [worker-pool] Adding worker with key placesNearby, total=1 {"metadata":{"emulator":{"name":"functions"},"message":"[worker-pool] Adding worker with key placesNearby, total=1"}}
[debug] [2021-03-28T15:47:36.562Z] [worker-pool] submitWork(triggerId=placesNearby) {"metadata":{"emulator":{"name":"functions"},"message":"[worker-pool] submitWork(triggerId=placesNearby)"}}
[debug] [2021-03-28T15:47:36.562Z] [worker-placesNearby-c48be8c3-7d01-41a7-8df2-a68e7d99d063]: Assigning socketPath: /var/folders/2w/lgkj1g1s795cq7st2cdjkqhm0000gn/T/fire_emu_6282.sock {"metadata":{"emulator":{"name":"functions"},"message":"[worker-placesNearby-c48be8c3-7d01-41a7-8df2-a68e7d99d063]: Assigning socketPath: /var/folders/2w/lgkj1g1s795cq7st2cdjkqhm0000gn/T/fire_emu_6282.sock"}}
[debug] [2021-03-28T15:47:36.562Z] [worker-placesNearby-c48be8c3-7d01-41a7-8df2-a68e7d99d063]: BUSY {"metadata":{"emulator":{"name":"functions"},"message":"[worker-placesNearby-c48be8c3-7d01-41a7-8df2-a68e7d99d063]: BUSY"}}
[debug] [2021-03-28T15:47:36.745Z] [runtime-status] [6282] Functions runtime initialized. {"cwd":"/Users/sambadiaw/code/online_courses/zero-to-mastery/complete-react-native-developer/MealsToGo/functions","node_version":"14.5.0"} {"metadata":{"emulator":{"name":"functions"},"function":{"name":"placesNearby"},"message":"[runtime-status] [6282] Functions runtime initialized. {\"cwd\":\"/Users/sambadiaw/code/online_courses/zero-to-mastery/complete-react-native-developer/MealsToGo/functions\",\"node_version\":\"14.5.0\"}"}}
[debug] [2021-03-28T15:47:36.747Z] [runtime-status] [6282] Disabled runtime features: undefined {"metadata":{"emulator":{"name":"functions"},"function":{"name":"placesNearby"},"message":"[runtime-status] [6282] Disabled runtime features: undefined"}}
[debug] [2021-03-28T15:47:36.749Z] [runtime-status] [6282] Resolved module firebase-admin {"declared":true,"installed":true,"version":"9.5.0","resolution":"/Users/sambadiaw/code/online_courses/zero-to-mastery/complete-react-native-developer/MealsToGo/functions/node_modules/firebase-admin/lib/index.js"} {"metadata":{"emulator":{"name":"functions"},"function":{"name":"placesNearby"},"message":"[runtime-status] [6282] Resolved module firebase-admin {\"declared\":true,\"installed\":true,\"version\":\"9.5.0\",\"resolution\":\"/Users/sambadiaw/code/online_courses/zero-to-mastery/complete-react-native-developer/MealsToGo/functions/node_modules/firebase-admin/lib/index.js\"}"}}
[debug] [2021-03-28T15:47:36.750Z] [runtime-status] [6282] Resolved module firebase-functions {"declared":true,"installed":true,"version":"3.13.2","resolution":"/Users/sambadiaw/code/online_courses/zero-to-mastery/complete-react-native-developer/MealsToGo/functions/node_modules/firebase-functions/lib/index.js"} {"metadata":{"emulator":{"name":"functions"},"function":{"name":"placesNearby"},"message":"[runtime-status] [6282] Resolved module firebase-functions {\"declared\":true,\"installed\":true,\"version\":\"3.13.2\",\"resolution\":\"/Users/sambadiaw/code/online_courses/zero-to-mastery/complete-react-native-developer/MealsToGo/functions/node_modules/firebase-functions/lib/index.js\"}"}}
[debug] [2021-03-28T15:47:36.752Z] [runtime-status] [6282] Resolved module firebase-functions {"declared":true,"installed":true,"version":"3.13.2","resolution":"/Users/sambadiaw/code/online_courses/zero-to-mastery/complete-react-native-developer/MealsToGo/functions/node_modules/firebase-functions/lib/index.js"} {"metadata":{"emulator":{"name":"functions"},"function":{"name":"placesNearby"},"message":"[runtime-status] [6282] Resolved module firebase-functions {\"declared\":true,\"installed\":true,\"version\":\"3.13.2\",\"resolution\":\"/Users/sambadiaw/code/online_courses/zero-to-mastery/complete-react-native-developer/MealsToGo/functions/node_modules/firebase-functions/lib/index.js\"}"}}
[debug] [2021-03-28T15:47:36.754Z] [runtime-status] [6282] Outgoing network have been stubbed. [{"name":"http","status":"mocked"},{"name":"http","status":"mocked"},{"name":"https","status":"mocked"},{"name":"https","status":"mocked"},{"name":"net","status":"mocked"}] {"metadata":{"emulator":{"name":"functions"},"function":{"name":"placesNearby"},"message":"[runtime-status] [6282] Outgoing network have been stubbed. [{\"name\":\"http\",\"status\":\"mocked\"},{\"name\":\"http\",\"status\":\"mocked\"},{\"name\":\"https\",\"status\":\"mocked\"},{\"name\":\"https\",\"status\":\"mocked\"},{\"name\":\"net\",\"status\":\"mocked\"}]"}}
[debug] [2021-03-28T15:47:36.754Z] [runtime-status] [6282] Resolved module firebase-functions {"declared":true,"installed":true,"version":"3.13.2","resolution":"/Users/sambadiaw/code/online_courses/zero-to-mastery/complete-react-native-developer/MealsToGo/functions/node_modules/firebase-functions/lib/index.js"} {"metadata":{"emulator":{"name":"functions"},"function":{"name":"placesNearby"},"message":"[runtime-status] [6282] Resolved module firebase-functions {\"declared\":true,\"installed\":true,\"version\":\"3.13.2\",\"resolution\":\"/Users/sambadiaw/code/online_courses/zero-to-mastery/complete-react-native-developer/MealsToGo/functions/node_modules/firebase-functions/lib/index.js\"}"}}
[debug] [2021-03-28T15:47:36.803Z] [runtime-status] [6282] Checked functions.config() {"config":{}} {"metadata":{"emulator":{"name":"functions"},"function":{"name":"placesNearby"},"message":"[runtime-status] [6282] Checked functions.config() {\"config\":{}}"}}
[debug] [2021-03-28T15:47:36.803Z] [runtime-status] [6282] firebase-functions has been stubbed. {"functionsResolution":{"declared":true,"installed":true,"version":"3.13.2","resolution":"/Users/sambadiaw/code/online_courses/zero-to-mastery/complete-react-native-developer/MealsToGo/functions/node_modules/firebase-functions/lib/index.js"}} {"metadata":{"emulator":{"name":"functions"},"function":{"name":"placesNearby"},"message":"[runtime-status] [6282] firebase-functions has been stubbed. {\"functionsResolution\":{\"declared\":true,\"installed\":true,\"version\":\"3.13.2\",\"resolution\":\"/Users/sambadiaw/code/online_courses/zero-to-mastery/complete-react-native-developer/MealsToGo/functions/node_modules/firebase-functions/lib/index.js\"}}"}}
[debug] [2021-03-28T15:47:36.803Z] [runtime-status] [6282] Resolved module firebase-functions {"declared":true,"installed":true,"version":"3.13.2","resolution":"/Users/sambadiaw/code/online_courses/zero-to-mastery/complete-react-native-developer/MealsToGo/functions/node_modules/firebase-functions/lib/index.js"} {"metadata":{"emulator":{"name":"functions"},"function":{"name":"placesNearby"},"message":"[runtime-status] [6282] Resolved module firebase-functions {\"declared\":true,\"installed\":true,\"version\":\"3.13.2\",\"resolution\":\"/Users/sambadiaw/code/online_courses/zero-to-mastery/complete-react-native-developer/MealsToGo/functions/node_modules/firebase-functions/lib/index.js\"}"}}
[debug] [2021-03-28T15:47:36.804Z] [runtime-status] [6282] Resolved module firebase-admin {"declared":true,"installed":true,"version":"9.5.0","resolution":"/Users/sambadiaw/code/online_courses/zero-to-mastery/complete-react-native-developer/MealsToGo/functions/node_modules/firebase-admin/lib/index.js"} {"metadata":{"emulator":{"name":"functions"},"function":{"name":"placesNearby"},"message":"[runtime-status] [6282] Resolved module firebase-admin {\"declared\":true,\"installed\":true,\"version\":\"9.5.0\",\"resolution\":\"/Users/sambadiaw/code/online_courses/zero-to-mastery/complete-react-native-developer/MealsToGo/functions/node_modules/firebase-admin/lib/index.js\"}"}}
[debug] [2021-03-28T15:47:36.804Z] [runtime-status] [6282] Resolved module firebase-functions {"declared":true,"installed":true,"version":"3.13.2","resolution":"/Users/sambadiaw/code/online_courses/zero-to-mastery/complete-react-native-developer/MealsToGo/functions/node_modules/firebase-functions/lib/index.js"} {"metadata":{"emulator":{"name":"functions"},"function":{"name":"placesNearby"},"message":"[runtime-status] [6282] Resolved module firebase-functions {\"declared\":true,\"installed\":true,\"version\":\"3.13.2\",\"resolution\":\"/Users/sambadiaw/code/online_courses/zero-to-mastery/complete-react-native-developer/MealsToGo/functions/node_modules/firebase-functions/lib/index.js\"}"}}
[debug] [2021-03-28T15:47:36.804Z] [runtime-status] [6282] firebase-admin has been stubbed. {"adminResolution":{"declared":true,"installed":true,"version":"9.5.0","resolution":"/Users/sambadiaw/code/online_courses/zero-to-mastery/complete-react-native-developer/MealsToGo/functions/node_modules/firebase-admin/lib/index.js"}} {"metadata":{"emulator":{"name":"functions"},"function":{"name":"placesNearby"},"message":"[runtime-status] [6282] firebase-admin has been stubbed. {\"adminResolution\":{\"declared\":true,\"installed\":true,\"version\":\"9.5.0\",\"resolution\":\"/Users/sambadiaw/code/online_courses/zero-to-mastery/complete-react-native-developer/MealsToGo/functions/node_modules/firebase-admin/lib/index.js\"}}"}}
[debug] [2021-03-28T15:47:36.823Z] [runtime-status] [6282] Trigger "placesNearby" has been found, beginning invocation! {"metadata":{"emulator":{"name":"functions"},"function":{"name":"placesNearby"},"message":"[runtime-status] [6282] Trigger \"placesNearby\" has been found, beginning invocation!"}}
[info] i  functions: Beginning execution of "placesNearby" {"metadata":{"emulator":{"name":"functions"},"function":{"name":"placesNearby"},"message":"Beginning execution of \"placesNearby\""}}
[debug] [2021-03-28T15:47:36.825Z] [runtime-status] [6282] triggerDefinition {"httpsTrigger":{},"name":"placesNearby","entryPoint":"placesNearby"} {"metadata":{"emulator":{"name":"functions"},"function":{"name":"placesNearby"},"message":"[runtime-status] [6282] triggerDefinition {\"httpsTrigger\":{},\"name\":\"placesNearby\",\"entryPoint\":\"placesNearby\"}"}}
[debug] [2021-03-28T15:47:36.825Z] [runtime-status] [6282] Running placesNearby in mode HTTPS {"metadata":{"emulator":{"name":"functions"},"function":{"name":"placesNearby"},"message":"[runtime-status] [6282] Running placesNearby in mode HTTPS"}}
[debug] [2021-03-28T15:47:36.830Z] [runtime-status] [6282] Attempting to listen to socketPath: /var/folders/2w/lgkj1g1s795cq7st2cdjkqhm0000gn/T/fire_emu_6282.sock {"metadata":{"emulator":{"name":"functions"},"function":{"name":"placesNearby"},"message":"[runtime-status] [6282] Attempting to listen to socketPath: /var/folders/2w/lgkj1g1s795cq7st2cdjkqhm0000gn/T/fire_emu_6282.sock"}}
[debug] [2021-03-28T15:47:36.835Z] [functions] Runtime ready! Sending request! {"metadata":{"emulator":{"name":"functions"},"message":"[functions] Runtime ready! Sending request!"}}
[debug] [2021-03-28T15:47:36.836Z] [functions] Got req.url=/mealstogo-a1c97/us-central1/placesNearby, mapping to path=/ {"metadata":{"emulator":{"name":"functions"},"message":"[functions] Got req.url=/mealstogo-a1c97/us-central1/placesNearby, mapping to path=/"}}
[debug] [2021-03-28T15:47:36.848Z] [runtime-status] [6282] Ephemeral server handling GET request {"metadata":{"emulator":{"name":"functions"},"function":{"name":"placesNearby"},"message":"[runtime-status] [6282] Ephemeral server handling GET request"}}
[debug] [2021-03-28T15:47:36.855Z] [runtime-status] [6282] Ephemeral server survived. {"metadata":{"emulator":{"name":"functions"},"function":{"name":"placesNearby"},"message":"[runtime-status] [6282] Ephemeral server survived."}}
[info] i  functions: Finished "placesNearby" in ~1s {"metadata":{"emulator":{"name":"functions"},"function":{"name":"placesNearby"},"message":"Finished \"placesNearby\" in ~1s"}}
[debug] [2021-03-28T15:47:36.862Z] [worker-placesNearby-c48be8c3-7d01-41a7-8df2-a68e7d99d063]: IDLE {"metadata":{"emulator":{"name":"functions"},"message":"[worker-placesNearby-c48be8c3-7d01-41a7-8df2-a68e7d99d063]: IDLE"}}
[debug] [2021-03-28T15:47:36.862Z] [work-queue] {"queueLength":0,"workRunningCount":0}
[debug] [2021-03-28T15:48:05.992Z] [work-queue] {"queueLength":1,"workRunningCount":0}
[debug] [2021-03-28T15:48:05.992Z] [work-queue] {"queueLength":0,"workRunningCount":1}
[debug] [2021-03-28T15:48:05.992Z] Accepted request GET /mealstogo-a1c97/us-central1/placesNearby?location=toronto --> placesNearby
[debug] [2021-03-28T15:48:05.993Z] [worker-pool] submitWork(triggerId=placesNearby) {"metadata":{"emulator":{"name":"functions"},"message":"[worker-pool] submitWork(triggerId=placesNearby)"}}
[debug] [2021-03-28T15:48:05.993Z] [worker-placesNearby-c48be8c3-7d01-41a7-8df2-a68e7d99d063]: Assigning socketPath: /var/folders/2w/lgkj1g1s795cq7st2cdjkqhm0000gn/T/fire_emu_6282.sock {"metadata":{"emulator":{"name":"functions"},"message":"[worker-placesNearby-c48be8c3-7d01-41a7-8df2-a68e7d99d063]: Assigning socketPath: /var/folders/2w/lgkj1g1s795cq7st2cdjkqhm0000gn/T/fire_emu_6282.sock"}}
[debug] [2021-03-28T15:48:05.993Z] [worker-placesNearby-c48be8c3-7d01-41a7-8df2-a68e7d99d063]: BUSY {"metadata":{"emulator":{"name":"functions"},"message":"[worker-placesNearby-c48be8c3-7d01-41a7-8df2-a68e7d99d063]: BUSY"}}
[debug] [2021-03-28T15:48:05.993Z] [runtime-status] [6282] Trigger "placesNearby" has been found, beginning invocation! {"metadata":{"emulator":{"name":"functions"},"function":{"name":"placesNearby"},"message":"[runtime-status] [6282] Trigger \"placesNearby\" has been found, beginning invocation!"}}
[info] i  functions: Beginning execution of "placesNearby" {"metadata":{"emulator":{"name":"functions"},"function":{"name":"placesNearby"},"message":"Beginning execution of \"placesNearby\""}}
[debug] [2021-03-28T15:48:05.995Z] [runtime-status] [6282] triggerDefinition {"httpsTrigger":{},"name":"placesNearby","entryPoint":"placesNearby"} {"metadata":{"emulator":{"name":"functions"},"function":{"name":"placesNearby"},"message":"[runtime-status] [6282] triggerDefinition {\"httpsTrigger\":{},\"name\":\"placesNearby\",\"entryPoint\":\"placesNearby\"}"}}
[debug] [2021-03-28T15:48:05.995Z] [runtime-status] [6282] Running placesNearby in mode HTTPS {"metadata":{"emulator":{"name":"functions"},"function":{"name":"placesNearby"},"message":"[runtime-status] [6282] Running placesNearby in mode HTTPS"}}
[debug] [2021-03-28T15:48:05.996Z] [runtime-status] [6282] Attempting to listen to socketPath: /var/folders/2w/lgkj1g1s795cq7st2cdjkqhm0000gn/T/fire_emu_6282.sock {"metadata":{"emulator":{"name":"functions"},"function":{"name":"placesNearby"},"message":"[runtime-status] [6282] Attempting to listen to socketPath: /var/folders/2w/lgkj1g1s795cq7st2cdjkqhm0000gn/T/fire_emu_6282.sock"}}
[debug] [2021-03-28T15:48:05.997Z] [functions] Runtime ready! Sending request! {"metadata":{"emulator":{"name":"functions"},"message":"[functions] Runtime ready! Sending request!"}}
[debug] [2021-03-28T15:48:05.998Z] [functions] Got req.url=/mealstogo-a1c97/us-central1/placesNearby?location=toronto, mapping to path=/?location=toronto {"metadata":{"emulator":{"name":"functions"},"message":"[functions] Got req.url=/mealstogo-a1c97/us-central1/placesNearby?location=toronto, mapping to path=/?location=toronto"}}
[debug] [2021-03-28T15:48:06.008Z] [runtime-status] [6282] Ephemeral server handling GET request {"metadata":{"emulator":{"name":"functions"},"function":{"name":"placesNearby"},"message":"[runtime-status] [6282] Ephemeral server handling GET request"}}
[debug] [2021-03-28T15:48:06.011Z] [runtime-status] [6282] Ephemeral server survived. {"metadata":{"emulator":{"name":"functions"},"function":{"name":"placesNearby"},"message":"[runtime-status] [6282] Ephemeral server survived."}}
[info] i  functions: Finished "placesNearby" in ~1s {"metadata":{"emulator":{"name":"functions"},"function":{"name":"placesNearby"},"message":"Finished \"placesNearby\" in ~1s"}}
[debug] [2021-03-28T15:48:06.015Z] [worker-placesNearby-c48be8c3-7d01-41a7-8df2-a68e7d99d063]: IDLE {"metadata":{"emulator":{"name":"functions"},"message":"[worker-placesNearby-c48be8c3-7d01-41a7-8df2-a68e7d99d063]: IDLE"}}
[debug] [2021-03-28T15:48:06.016Z] [work-queue] {"queueLength":0,"workRunningCount":0}
[debug] [2021-03-28T15:48:23.268Z] [work-queue] {"queueLength":1,"workRunningCount":0}
[debug] [2021-03-28T15:48:23.269Z] [work-queue] {"queueLength":0,"workRunningCount":1}
[debug] [2021-03-28T15:48:23.269Z] Accepted request GET /mealstogo-a1c97/us-central1/placesNearby?location=toronto --> placesNearby
[debug] [2021-03-28T15:48:23.269Z] [worker-pool] submitWork(triggerId=placesNearby) {"metadata":{"emulator":{"name":"functions"},"message":"[worker-pool] submitWork(triggerId=placesNearby)"}}
[debug] [2021-03-28T15:48:23.269Z] [worker-placesNearby-c48be8c3-7d01-41a7-8df2-a68e7d99d063]: Assigning socketPath: /var/folders/2w/lgkj1g1s795cq7st2cdjkqhm0000gn/T/fire_emu_6282.sock {"metadata":{"emulator":{"name":"functions"},"message":"[worker-placesNearby-c48be8c3-7d01-41a7-8df2-a68e7d99d063]: Assigning socketPath: /var/folders/2w/lgkj1g1s795cq7st2cdjkqhm0000gn/T/fire_emu_6282.sock"}}
[debug] [2021-03-28T15:48:23.269Z] [worker-placesNearby-c48be8c3-7d01-41a7-8df2-a68e7d99d063]: BUSY {"metadata":{"emulator":{"name":"functions"},"message":"[worker-placesNearby-c48be8c3-7d01-41a7-8df2-a68e7d99d063]: BUSY"}}
[debug] [2021-03-28T15:48:23.270Z] [runtime-status] [6282] Trigger "placesNearby" has been found, beginning invocation! {"metadata":{"emulator":{"name":"functions"},"function":{"name":"placesNearby"},"message":"[runtime-status] [6282] Trigger \"placesNearby\" has been found, beginning invocation!"}}
[info] i  functions: Beginning execution of "placesNearby" {"metadata":{"emulator":{"name":"functions"},"function":{"name":"placesNearby"},"message":"Beginning execution of \"placesNearby\""}}
[debug] [2021-03-28T15:48:23.271Z] [runtime-status] [6282] triggerDefinition {"httpsTrigger":{},"name":"placesNearby","entryPoint":"placesNearby"} {"metadata":{"emulator":{"name":"functions"},"function":{"name":"placesNearby"},"message":"[runtime-status] [6282] triggerDefinition {\"httpsTrigger\":{},\"name\":\"placesNearby\",\"entryPoint\":\"placesNearby\"}"}}
[debug] [2021-03-28T15:48:23.272Z] [runtime-status] [6282] Running placesNearby in mode HTTPS {"metadata":{"emulator":{"name":"functions"},"function":{"name":"placesNearby"},"message":"[runtime-status] [6282] Running placesNearby in mode HTTPS"}}
[debug] [2021-03-28T15:48:23.272Z] [runtime-status] [6282] Attempting to listen to socketPath: /var/folders/2w/lgkj1g1s795cq7st2cdjkqhm0000gn/T/fire_emu_6282.sock {"metadata":{"emulator":{"name":"functions"},"function":{"name":"placesNearby"},"message":"[runtime-status] [6282] Attempting to listen to socketPath: /var/folders/2w/lgkj1g1s795cq7st2cdjkqhm0000gn/T/fire_emu_6282.sock"}}
[debug] [2021-03-28T15:48:23.274Z] [functions] Runtime ready! Sending request! {"metadata":{"emulator":{"name":"functions"},"message":"[functions] Runtime ready! Sending request!"}}
[debug] [2021-03-28T15:48:23.274Z] [functions] Got req.url=/mealstogo-a1c97/us-central1/placesNearby?location=toronto, mapping to path=/?location=toronto {"metadata":{"emulator":{"name":"functions"},"message":"[functions] Got req.url=/mealstogo-a1c97/us-central1/placesNearby?location=toronto, mapping to path=/?location=toronto"}}
[debug] [2021-03-28T15:48:23.281Z] [runtime-status] [6282] Ephemeral server handling GET request {"metadata":{"emulator":{"name":"functions"},"function":{"name":"placesNearby"},"message":"[runtime-status] [6282] Ephemeral server handling GET request"}}
[debug] [2021-03-28T15:48:23.283Z] [runtime-status] [6282] Ephemeral server survived. {"metadata":{"emulator":{"name":"functions"},"function":{"name":"placesNearby"},"message":"[runtime-status] [6282] Ephemeral server survived."}}
[info] i  functions: Finished "placesNearby" in ~1s {"metadata":{"emulator":{"name":"functions"},"function":{"name":"placesNearby"},"message":"Finished \"placesNearby\" in ~1s"}}
[debug] [2021-03-28T15:48:23.287Z] [worker-placesNearby-c48be8c3-7d01-41a7-8df2-a68e7d99d063]: IDLE {"metadata":{"emulator":{"name":"functions"},"message":"[worker-placesNearby-c48be8c3-7d01-41a7-8df2-a68e7d99d063]: IDLE"}}
[debug] [2021-03-28T15:48:23.288Z] [work-queue] {"queueLength":0,"workRunningCount":0}
[debug] [2021-03-28T15:48:32.494Z] [work-queue] {"queueLength":1,"workRunningCount":0}
[debug] [2021-03-28T15:48:32.495Z] [work-queue] {"queueLength":0,"workRunningCount":1}
[debug] [2021-03-28T15:48:32.495Z] Accepted request GET /mealstogo-a1c97/us-central1/placesNearby?location=san%20francisco --> placesNearby
[debug] [2021-03-28T15:48:32.495Z] [worker-pool] submitWork(triggerId=placesNearby) {"metadata":{"emulator":{"name":"functions"},"message":"[worker-pool] submitWork(triggerId=placesNearby)"}}
[debug] [2021-03-28T15:48:32.495Z] [worker-placesNearby-c48be8c3-7d01-41a7-8df2-a68e7d99d063]: Assigning socketPath: /var/folders/2w/lgkj1g1s795cq7st2cdjkqhm0000gn/T/fire_emu_6282.sock {"metadata":{"emulator":{"name":"functions"},"message":"[worker-placesNearby-c48be8c3-7d01-41a7-8df2-a68e7d99d063]: Assigning socketPath: /var/folders/2w/lgkj1g1s795cq7st2cdjkqhm0000gn/T/fire_emu_6282.sock"}}
[debug] [2021-03-28T15:48:32.496Z] [worker-placesNearby-c48be8c3-7d01-41a7-8df2-a68e7d99d063]: BUSY {"metadata":{"emulator":{"name":"functions"},"message":"[worker-placesNearby-c48be8c3-7d01-41a7-8df2-a68e7d99d063]: BUSY"}}
[debug] [2021-03-28T15:48:32.500Z] [runtime-status] [6282] Trigger "placesNearby" has been found, beginning invocation! {"metadata":{"emulator":{"name":"functions"},"function":{"name":"placesNearby"},"message":"[runtime-status] [6282] Trigger \"placesNearby\" has been found, beginning invocation!"}}
[info] i  functions: Beginning execution of "placesNearby" {"metadata":{"emulator":{"name":"functions"},"function":{"name":"placesNearby"},"message":"Beginning execution of \"placesNearby\""}}
[debug] [2021-03-28T15:48:32.501Z] [runtime-status] [6282] triggerDefinition {"httpsTrigger":{},"name":"placesNearby","entryPoint":"placesNearby"} {"metadata":{"emulator":{"name":"functions"},"function":{"name":"placesNearby"},"message":"[runtime-status] [6282] triggerDefinition {\"httpsTrigger\":{},\"name\":\"placesNearby\",\"entryPoint\":\"placesNearby\"}"}}
[debug] [2021-03-28T15:48:32.501Z] [runtime-status] [6282] Running placesNearby in mode HTTPS {"metadata":{"emulator":{"name":"functions"},"function":{"name":"placesNearby"},"message":"[runtime-status] [6282] Running placesNearby in mode HTTPS"}}
[debug] [2021-03-28T15:48:32.502Z] [runtime-status] [6282] Attempting to listen to socketPath: /var/folders/2w/lgkj1g1s795cq7st2cdjkqhm0000gn/T/fire_emu_6282.sock {"metadata":{"emulator":{"name":"functions"},"function":{"name":"placesNearby"},"message":"[runtime-status] [6282] Attempting to listen to socketPath: /var/folders/2w/lgkj1g1s795cq7st2cdjkqhm0000gn/T/fire_emu_6282.sock"}}
[debug] [2021-03-28T15:48:32.503Z] [functions] Runtime ready! Sending request! {"metadata":{"emulator":{"name":"functions"},"message":"[functions] Runtime ready! Sending request!"}}
[debug] [2021-03-28T15:48:32.504Z] [functions] Got req.url=/mealstogo-a1c97/us-central1/placesNearby?location=san%20francisco, mapping to path=/?location=san%20francisco {"metadata":{"emulator":{"name":"functions"},"message":"[functions] Got req.url=/mealstogo-a1c97/us-central1/placesNearby?location=san%20francisco, mapping to path=/?location=san%20francisco"}}
[debug] [2021-03-28T15:48:32.509Z] [runtime-status] [6282] Ephemeral server handling GET request {"metadata":{"emulator":{"name":"functions"},"function":{"name":"placesNearby"},"message":"[runtime-status] [6282] Ephemeral server handling GET request"}}
[debug] [2021-03-28T15:48:32.510Z] [runtime-status] [6282] Ephemeral server survived. {"metadata":{"emulator":{"name":"functions"},"function":{"name":"placesNearby"},"message":"[runtime-status] [6282] Ephemeral server survived."}}
[info] i  functions: Finished "placesNearby" in ~1s {"metadata":{"emulator":{"name":"functions"},"function":{"name":"placesNearby"},"message":"Finished \"placesNearby\" in ~1s"}}
[debug] [2021-03-28T15:48:32.516Z] [worker-placesNearby-c48be8c3-7d01-41a7-8df2-a68e7d99d063]: IDLE {"metadata":{"emulator":{"name":"functions"},"message":"[worker-placesNearby-c48be8c3-7d01-41a7-8df2-a68e7d99d063]: IDLE"}}
[debug] [2021-03-28T15:48:32.516Z] [work-queue] {"queueLength":0,"workRunningCount":0}
[debug] [2021-03-28T15:48:38.814Z] [work-queue] {"queueLength":1,"workRunningCount":0}
[debug] [2021-03-28T15:48:38.815Z] [work-queue] {"queueLength":0,"workRunningCount":1}
[debug] [2021-03-28T15:48:38.815Z] Accepted request GET /mealstogo-a1c97/us-central1/placesNearby?location=antwerp --> placesNearby
[debug] [2021-03-28T15:48:38.815Z] [worker-pool] submitWork(triggerId=placesNearby) {"metadata":{"emulator":{"name":"functions"},"message":"[worker-pool] submitWork(triggerId=placesNearby)"}}
[debug] [2021-03-28T15:48:38.817Z] [worker-placesNearby-c48be8c3-7d01-41a7-8df2-a68e7d99d063]: Assigning socketPath: /var/folders/2w/lgkj1g1s795cq7st2cdjkqhm0000gn/T/fire_emu_6282.sock {"metadata":{"emulator":{"name":"functions"},"message":"[worker-placesNearby-c48be8c3-7d01-41a7-8df2-a68e7d99d063]: Assigning socketPath: /var/folders/2w/lgkj1g1s795cq7st2cdjkqhm0000gn/T/fire_emu_6282.sock"}}
[debug] [2021-03-28T15:48:38.817Z] [worker-placesNearby-c48be8c3-7d01-41a7-8df2-a68e7d99d063]: BUSY {"metadata":{"emulator":{"name":"functions"},"message":"[worker-placesNearby-c48be8c3-7d01-41a7-8df2-a68e7d99d063]: BUSY"}}
[debug] [2021-03-28T15:48:38.818Z] [runtime-status] [6282] Trigger "placesNearby" has been found, beginning invocation! {"metadata":{"emulator":{"name":"functions"},"function":{"name":"placesNearby"},"message":"[runtime-status] [6282] Trigger \"placesNearby\" has been found, beginning invocation!"}}
[info] i  functions: Beginning execution of "placesNearby" {"metadata":{"emulator":{"name":"functions"},"function":{"name":"placesNearby"},"message":"Beginning execution of \"placesNearby\""}}
[debug] [2021-03-28T15:48:38.819Z] [runtime-status] [6282] triggerDefinition {"httpsTrigger":{},"name":"placesNearby","entryPoint":"placesNearby"} {"metadata":{"emulator":{"name":"functions"},"function":{"name":"placesNearby"},"message":"[runtime-status] [6282] triggerDefinition {\"httpsTrigger\":{},\"name\":\"placesNearby\",\"entryPoint\":\"placesNearby\"}"}}
[debug] [2021-03-28T15:48:38.820Z] [runtime-status] [6282] Running placesNearby in mode HTTPS {"metadata":{"emulator":{"name":"functions"},"function":{"name":"placesNearby"},"message":"[runtime-status] [6282] Running placesNearby in mode HTTPS"}}
[debug] [2021-03-28T15:48:38.820Z] [runtime-status] [6282] Attempting to listen to socketPath: /var/folders/2w/lgkj1g1s795cq7st2cdjkqhm0000gn/T/fire_emu_6282.sock {"metadata":{"emulator":{"name":"functions"},"function":{"name":"placesNearby"},"message":"[runtime-status] [6282] Attempting to listen to socketPath: /var/folders/2w/lgkj1g1s795cq7st2cdjkqhm0000gn/T/fire_emu_6282.sock"}}
[debug] [2021-03-28T15:48:38.823Z] [functions] Runtime ready! Sending request! {"metadata":{"emulator":{"name":"functions"},"message":"[functions] Runtime ready! Sending request!"}}
[debug] [2021-03-28T15:48:38.823Z] [functions] Got req.url=/mealstogo-a1c97/us-central1/placesNearby?location=antwerp, mapping to path=/?location=antwerp {"metadata":{"emulator":{"name":"functions"},"message":"[functions] Got req.url=/mealstogo-a1c97/us-central1/placesNearby?location=antwerp, mapping to path=/?location=antwerp"}}
[debug] [2021-03-28T15:48:38.832Z] [runtime-status] [6282] Ephemeral server handling GET request {"metadata":{"emulator":{"name":"functions"},"function":{"name":"placesNearby"},"message":"[runtime-status] [6282] Ephemeral server handling GET request"}}
[debug] [2021-03-28T15:48:38.833Z] [runtime-status] [6282] Ephemeral server survived. {"metadata":{"emulator":{"name":"functions"},"function":{"name":"placesNearby"},"message":"[runtime-status] [6282] Ephemeral server survived."}}
[info] i  functions: Finished "placesNearby" in ~1s {"metadata":{"emulator":{"name":"functions"},"function":{"name":"placesNearby"},"message":"Finished \"placesNearby\" in ~1s"}}
[debug] [2021-03-28T15:48:38.837Z] [worker-placesNearby-c48be8c3-7d01-41a7-8df2-a68e7d99d063]: IDLE {"metadata":{"emulator":{"name":"functions"},"message":"[worker-placesNearby-c48be8c3-7d01-41a7-8df2-a68e7d99d063]: IDLE"}}
[debug] [2021-03-28T15:48:38.837Z] [work-queue] {"queueLength":0,"workRunningCount":0}
[debug] [2021-03-28T15:49:50.529Z] File /Users/sambadiaw/code/online_courses/zero-to-mastery/complete-react-native-developer/MealsToGo/functions/places/index.js changed, reloading triggers {"metadata":{"emulator":{"name":"functions"},"message":"File /Users/sambadiaw/code/online_courses/zero-to-mastery/complete-react-native-developer/MealsToGo/functions/places/index.js changed, reloading triggers"}}
[debug] [2021-03-28T15:49:51.531Z] [worker-pool] Shutting down IDLE worker (~diagnostic~) {"metadata":{"emulator":{"name":"functions"},"message":"[worker-pool] Shutting down IDLE worker (~diagnostic~)"}}
[debug] [2021-03-28T15:49:51.532Z] [worker-~diagnostic~-0112c1de-fd80-4b35-8f16-8334ce363212]: FINISHING {"metadata":{"emulator":{"name":"functions"},"message":"[worker-~diagnostic~-0112c1de-fd80-4b35-8f16-8334ce363212]: FINISHING"}}
[debug] [2021-03-28T15:49:51.532Z] [worker-pool] Shutting down IDLE worker (placesNearby) {"metadata":{"emulator":{"name":"functions"},"message":"[worker-pool] Shutting down IDLE worker (placesNearby)"}}
[debug] [2021-03-28T15:49:51.533Z] [worker-placesNearby-c48be8c3-7d01-41a7-8df2-a68e7d99d063]: FINISHING {"metadata":{"emulator":{"name":"functions"},"message":"[worker-placesNearby-c48be8c3-7d01-41a7-8df2-a68e7d99d063]: FINISHING"}}
[debug] [2021-03-28T15:49:51.543Z] [worker-pool] addWorker(~diagnostic~) {"metadata":{"emulator":{"name":"functions"},"message":"[worker-pool] addWorker(~diagnostic~)"}}
[debug] [2021-03-28T15:49:51.544Z] [worker-pool] Adding worker with key ~diagnostic~, total=2 {"metadata":{"emulator":{"name":"functions"},"message":"[worker-pool] Adding worker with key ~diagnostic~, total=2"}}
[debug] [2021-03-28T15:49:51.544Z] [worker-pool] submitWork(triggerId=) {"metadata":{"emulator":{"name":"functions"},"message":"[worker-pool] submitWork(triggerId=)"}}
[debug] [2021-03-28T15:49:51.545Z] [worker-~diagnostic~-b1d7dc2c-5322-4df9-9396-1e306bb6744b]: Assigning socketPath: /var/folders/2w/lgkj1g1s795cq7st2cdjkqhm0000gn/T/fire_emu_6325.sock {"metadata":{"emulator":{"name":"functions"},"message":"[worker-~diagnostic~-b1d7dc2c-5322-4df9-9396-1e306bb6744b]: Assigning socketPath: /var/folders/2w/lgkj1g1s795cq7st2cdjkqhm0000gn/T/fire_emu_6325.sock"}}
[debug] [2021-03-28T15:49:51.545Z] [worker-~diagnostic~-b1d7dc2c-5322-4df9-9396-1e306bb6744b]: BUSY {"metadata":{"emulator":{"name":"functions"},"message":"[worker-~diagnostic~-b1d7dc2c-5322-4df9-9396-1e306bb6744b]: BUSY"}}
[debug] [2021-03-28T15:49:51.549Z] [worker-~diagnostic~-0112c1de-fd80-4b35-8f16-8334ce363212]: exited {"metadata":{"emulator":{"name":"functions"},"message":"[worker-~diagnostic~-0112c1de-fd80-4b35-8f16-8334ce363212]: exited"}}
[debug] [2021-03-28T15:49:51.549Z] [worker-~diagnostic~-0112c1de-fd80-4b35-8f16-8334ce363212]: FINISHED {"metadata":{"emulator":{"name":"functions"},"message":"[worker-~diagnostic~-0112c1de-fd80-4b35-8f16-8334ce363212]: FINISHED"}}
[debug] [2021-03-28T15:49:51.549Z] [worker-placesNearby-c48be8c3-7d01-41a7-8df2-a68e7d99d063]: exited {"metadata":{"emulator":{"name":"functions"},"message":"[worker-placesNearby-c48be8c3-7d01-41a7-8df2-a68e7d99d063]: exited"}}
[debug] [2021-03-28T15:49:51.550Z] [worker-placesNearby-c48be8c3-7d01-41a7-8df2-a68e7d99d063]: FINISHED {"metadata":{"emulator":{"name":"functions"},"message":"[worker-placesNearby-c48be8c3-7d01-41a7-8df2-a68e7d99d063]: FINISHED"}}
[debug] [2021-03-28T15:49:51.790Z] [runtime-status] [6325] Functions runtime initialized. {"cwd":"/Users/sambadiaw/code/online_courses/zero-to-mastery/complete-react-native-developer/MealsToGo/functions","node_version":"14.5.0"} {"metadata":{"emulator":{"name":"functions"},"message":"[runtime-status] [6325] Functions runtime initialized. {\"cwd\":\"/Users/sambadiaw/code/online_courses/zero-to-mastery/complete-react-native-developer/MealsToGo/functions\",\"node_version\":\"14.5.0\"}"}}
[debug] [2021-03-28T15:49:51.795Z] [runtime-status] [6325] Disabled runtime features: undefined {"metadata":{"emulator":{"name":"functions"},"message":"[runtime-status] [6325] Disabled runtime features: undefined"}}
[debug] [2021-03-28T15:49:51.800Z] [runtime-status] [6325] Resolved module firebase-admin {"declared":true,"installed":true,"version":"9.5.0","resolution":"/Users/sambadiaw/code/online_courses/zero-to-mastery/complete-react-native-developer/MealsToGo/functions/node_modules/firebase-admin/lib/index.js"} {"metadata":{"emulator":{"name":"functions"},"message":"[runtime-status] [6325] Resolved module firebase-admin {\"declared\":true,\"installed\":true,\"version\":\"9.5.0\",\"resolution\":\"/Users/sambadiaw/code/online_courses/zero-to-mastery/complete-react-native-developer/MealsToGo/functions/node_modules/firebase-admin/lib/index.js\"}"}}
[debug] [2021-03-28T15:49:51.803Z] [runtime-status] [6325] Resolved module firebase-functions {"declared":true,"installed":true,"version":"3.13.2","resolution":"/Users/sambadiaw/code/online_courses/zero-to-mastery/complete-react-native-developer/MealsToGo/functions/node_modules/firebase-functions/lib/index.js"} {"metadata":{"emulator":{"name":"functions"},"message":"[runtime-status] [6325] Resolved module firebase-functions {\"declared\":true,\"installed\":true,\"version\":\"3.13.2\",\"resolution\":\"/Users/sambadiaw/code/online_courses/zero-to-mastery/complete-react-native-developer/MealsToGo/functions/node_modules/firebase-functions/lib/index.js\"}"}}
[debug] [2021-03-28T15:49:51.805Z] [runtime-status] [6325] Resolved module firebase-functions {"declared":true,"installed":true,"version":"3.13.2","resolution":"/Users/sambadiaw/code/online_courses/zero-to-mastery/complete-react-native-developer/MealsToGo/functions/node_modules/firebase-functions/lib/index.js"} {"metadata":{"emulator":{"name":"functions"},"message":"[runtime-status] [6325] Resolved module firebase-functions {\"declared\":true,\"installed\":true,\"version\":\"3.13.2\",\"resolution\":\"/Users/sambadiaw/code/online_courses/zero-to-mastery/complete-react-native-developer/MealsToGo/functions/node_modules/firebase-functions/lib/index.js\"}"}}
[debug] [2021-03-28T15:49:51.807Z] [runtime-status] [6325] Outgoing network have been stubbed. [{"name":"http","status":"mocked"},{"name":"http","status":"mocked"},{"name":"https","status":"mocked"},{"name":"https","status":"mocked"},{"name":"net","status":"mocked"}] {"metadata":{"emulator":{"name":"functions"},"message":"[runtime-status] [6325] Outgoing network have been stubbed. [{\"name\":\"http\",\"status\":\"mocked\"},{\"name\":\"http\",\"status\":\"mocked\"},{\"name\":\"https\",\"status\":\"mocked\"},{\"name\":\"https\",\"status\":\"mocked\"},{\"name\":\"net\",\"status\":\"mocked\"}]"}}
[debug] [2021-03-28T15:49:51.808Z] [runtime-status] [6325] Resolved module firebase-functions {"declared":true,"installed":true,"version":"3.13.2","resolution":"/Users/sambadiaw/code/online_courses/zero-to-mastery/complete-react-native-developer/MealsToGo/functions/node_modules/firebase-functions/lib/index.js"} {"metadata":{"emulator":{"name":"functions"},"message":"[runtime-status] [6325] Resolved module firebase-functions {\"declared\":true,\"installed\":true,\"version\":\"3.13.2\",\"resolution\":\"/Users/sambadiaw/code/online_courses/zero-to-mastery/complete-react-native-developer/MealsToGo/functions/node_modules/firebase-functions/lib/index.js\"}"}}
[debug] [2021-03-28T15:49:51.876Z] [runtime-status] [6325] Checked functions.config() {"config":{}} {"metadata":{"emulator":{"name":"functions"},"message":"[runtime-status] [6325] Checked functions.config() {\"config\":{}}"}}
[debug] [2021-03-28T15:49:51.880Z] [runtime-status] [6325] firebase-functions has been stubbed. {"functionsResolution":{"declared":true,"installed":true,"version":"3.13.2","resolution":"/Users/sambadiaw/code/online_courses/zero-to-mastery/complete-react-native-developer/MealsToGo/functions/node_modules/firebase-functions/lib/index.js"}} {"metadata":{"emulator":{"name":"functions"},"message":"[runtime-status] [6325] firebase-functions has been stubbed. {\"functionsResolution\":{\"declared\":true,\"installed\":true,\"version\":\"3.13.2\",\"resolution\":\"/Users/sambadiaw/code/online_courses/zero-to-mastery/complete-react-native-developer/MealsToGo/functions/node_modules/firebase-functions/lib/index.js\"}}"}}
[debug] [2021-03-28T15:49:51.881Z] [runtime-status] [6325] Resolved module firebase-functions {"declared":true,"installed":true,"version":"3.13.2","resolution":"/Users/sambadiaw/code/online_courses/zero-to-mastery/complete-react-native-developer/MealsToGo/functions/node_modules/firebase-functions/lib/index.js"} {"metadata":{"emulator":{"name":"functions"},"message":"[runtime-status] [6325] Resolved module firebase-functions {\"declared\":true,\"installed\":true,\"version\":\"3.13.2\",\"resolution\":\"/Users/sambadiaw/code/online_courses/zero-to-mastery/complete-react-native-developer/MealsToGo/functions/node_modules/firebase-functions/lib/index.js\"}"}}
[debug] [2021-03-28T15:49:51.883Z] [runtime-status] [6325] Resolved module firebase-admin {"declared":true,"installed":true,"version":"9.5.0","resolution":"/Users/sambadiaw/code/online_courses/zero-to-mastery/complete-react-native-developer/MealsToGo/functions/node_modules/firebase-admin/lib/index.js"} {"metadata":{"emulator":{"name":"functions"},"message":"[runtime-status] [6325] Resolved module firebase-admin {\"declared\":true,\"installed\":true,\"version\":\"9.5.0\",\"resolution\":\"/Users/sambadiaw/code/online_courses/zero-to-mastery/complete-react-native-developer/MealsToGo/functions/node_modules/firebase-admin/lib/index.js\"}"}}
[debug] [2021-03-28T15:49:51.885Z] [runtime-status] [6325] Resolved module firebase-functions {"declared":true,"installed":true,"version":"3.13.2","resolution":"/Users/sambadiaw/code/online_courses/zero-to-mastery/complete-react-native-developer/MealsToGo/functions/node_modules/firebase-functions/lib/index.js"} {"metadata":{"emulator":{"name":"functions"},"message":"[runtime-status] [6325] Resolved module firebase-functions {\"declared\":true,\"installed\":true,\"version\":\"3.13.2\",\"resolution\":\"/Users/sambadiaw/code/online_courses/zero-to-mastery/complete-react-native-developer/MealsToGo/functions/node_modules/firebase-functions/lib/index.js\"}"}}
[debug] [2021-03-28T15:49:51.885Z] [runtime-status] [6325] firebase-admin has been stubbed. {"adminResolution":{"declared":true,"installed":true,"version":"9.5.0","resolution":"/Users/sambadiaw/code/online_courses/zero-to-mastery/complete-react-native-developer/MealsToGo/functions/node_modules/firebase-admin/lib/index.js"}} {"metadata":{"emulator":{"name":"functions"},"message":"[runtime-status] [6325] firebase-admin has been stubbed. {\"adminResolution\":{\"declared\":true,\"installed\":true,\"version\":\"9.5.0\",\"resolution\":\"/Users/sambadiaw/code/online_courses/zero-to-mastery/complete-react-native-developer/MealsToGo/functions/node_modules/firebase-admin/lib/index.js\"}}"}}
[debug] [2021-03-28T15:49:51.901Z] [worker-~diagnostic~-b1d7dc2c-5322-4df9-9396-1e306bb6744b]: IDLE {"metadata":{"emulator":{"name":"functions"},"message":"[worker-~diagnostic~-b1d7dc2c-5322-4df9-9396-1e306bb6744b]: IDLE"}}
[debug] [2021-03-28T15:53:08.133Z] [work-queue] {"queueLength":1,"workRunningCount":0}
[debug] [2021-03-28T15:53:08.133Z] [work-queue] {"queueLength":0,"workRunningCount":1}
[debug] [2021-03-28T15:53:08.133Z] Accepted request GET /mealstogo-a1c97/us-central1/placesNearby?location=51.219448,4.402464 --> placesNearby
[debug] [2021-03-28T15:53:08.134Z] [worker-pool] Cleaned up workers for ~diagnostic~: 2 --> 1 {"metadata":{"emulator":{"name":"functions"},"message":"[worker-pool] Cleaned up workers for ~diagnostic~: 2 --> 1"}}
[debug] [2021-03-28T15:53:08.134Z] [worker-pool] Cleaned up workers for placesNearby: 1 --> 0 {"metadata":{"emulator":{"name":"functions"},"message":"[worker-pool] Cleaned up workers for placesNearby: 1 --> 0"}}
[debug] [2021-03-28T15:53:08.139Z] [worker-pool] addWorker(placesNearby) {"metadata":{"emulator":{"name":"functions"},"message":"[worker-pool] addWorker(placesNearby)"}}
[debug] [2021-03-28T15:53:08.140Z] [worker-pool] Adding worker with key placesNearby, total=1 {"metadata":{"emulator":{"name":"functions"},"message":"[worker-pool] Adding worker with key placesNearby, total=1"}}
[debug] [2021-03-28T15:53:08.140Z] [worker-pool] submitWork(triggerId=placesNearby) {"metadata":{"emulator":{"name":"functions"},"message":"[worker-pool] submitWork(triggerId=placesNearby)"}}
[debug] [2021-03-28T15:53:08.140Z] [worker-placesNearby-7a489623-8bba-417d-9718-32780fe4053d]: Assigning socketPath: /var/folders/2w/lgkj1g1s795cq7st2cdjkqhm0000gn/T/fire_emu_6423.sock {"metadata":{"emulator":{"name":"functions"},"message":"[worker-placesNearby-7a489623-8bba-417d-9718-32780fe4053d]: Assigning socketPath: /var/folders/2w/lgkj1g1s795cq7st2cdjkqhm0000gn/T/fire_emu_6423.sock"}}
[debug] [2021-03-28T15:53:08.141Z] [worker-placesNearby-7a489623-8bba-417d-9718-32780fe4053d]: BUSY {"metadata":{"emulator":{"name":"functions"},"message":"[worker-placesNearby-7a489623-8bba-417d-9718-32780fe4053d]: BUSY"}}
[debug] [2021-03-28T15:53:08.394Z] [runtime-status] [6423] Functions runtime initialized. {"cwd":"/Users/sambadiaw/code/online_courses/zero-to-mastery/complete-react-native-developer/MealsToGo/functions","node_version":"14.5.0"} {"metadata":{"emulator":{"name":"functions"},"function":{"name":"placesNearby"},"message":"[runtime-status] [6423] Functions runtime initialized. {\"cwd\":\"/Users/sambadiaw/code/online_courses/zero-to-mastery/complete-react-native-developer/MealsToGo/functions\",\"node_version\":\"14.5.0\"}"}}
[debug] [2021-03-28T15:53:08.396Z] [runtime-status] [6423] Disabled runtime features: undefined {"metadata":{"emulator":{"name":"functions"},"function":{"name":"placesNearby"},"message":"[runtime-status] [6423] Disabled runtime features: undefined"}}
[debug] [2021-03-28T15:53:08.399Z] [runtime-status] [6423] Resolved module firebase-admin {"declared":true,"installed":true,"version":"9.5.0","resolution":"/Users/sambadiaw/code/online_courses/zero-to-mastery/complete-react-native-developer/MealsToGo/functions/node_modules/firebase-admin/lib/index.js"} {"metadata":{"emulator":{"name":"functions"},"function":{"name":"placesNearby"},"message":"[runtime-status] [6423] Resolved module firebase-admin {\"declared\":true,\"installed\":true,\"version\":\"9.5.0\",\"resolution\":\"/Users/sambadiaw/code/online_courses/zero-to-mastery/complete-react-native-developer/MealsToGo/functions/node_modules/firebase-admin/lib/index.js\"}"}}
[debug] [2021-03-28T15:53:08.401Z] [runtime-status] [6423] Resolved module firebase-functions {"declared":true,"installed":true,"version":"3.13.2","resolution":"/Users/sambadiaw/code/online_courses/zero-to-mastery/complete-react-native-developer/MealsToGo/functions/node_modules/firebase-functions/lib/index.js"} {"metadata":{"emulator":{"name":"functions"},"function":{"name":"placesNearby"},"message":"[runtime-status] [6423] Resolved module firebase-functions {\"declared\":true,\"installed\":true,\"version\":\"3.13.2\",\"resolution\":\"/Users/sambadiaw/code/online_courses/zero-to-mastery/complete-react-native-developer/MealsToGo/functions/node_modules/firebase-functions/lib/index.js\"}"}}
[debug] [2021-03-28T15:53:08.403Z] [runtime-status] [6423] Resolved module firebase-functions {"declared":true,"installed":true,"version":"3.13.2","resolution":"/Users/sambadiaw/code/online_courses/zero-to-mastery/complete-react-native-developer/MealsToGo/functions/node_modules/firebase-functions/lib/index.js"} {"metadata":{"emulator":{"name":"functions"},"function":{"name":"placesNearby"},"message":"[runtime-status] [6423] Resolved module firebase-functions {\"declared\":true,\"installed\":true,\"version\":\"3.13.2\",\"resolution\":\"/Users/sambadiaw/code/online_courses/zero-to-mastery/complete-react-native-developer/MealsToGo/functions/node_modules/firebase-functions/lib/index.js\"}"}}
[debug] [2021-03-28T15:53:08.405Z] [runtime-status] [6423] Outgoing network have been stubbed. [{"name":"http","status":"mocked"},{"name":"http","status":"mocked"},{"name":"https","status":"mocked"},{"name":"https","status":"mocked"},{"name":"net","status":"mocked"}] {"metadata":{"emulator":{"name":"functions"},"function":{"name":"placesNearby"},"message":"[runtime-status] [6423] Outgoing network have been stubbed. [{\"name\":\"http\",\"status\":\"mocked\"},{\"name\":\"http\",\"status\":\"mocked\"},{\"name\":\"https\",\"status\":\"mocked\"},{\"name\":\"https\",\"status\":\"mocked\"},{\"name\":\"net\",\"status\":\"mocked\"}]"}}
[debug] [2021-03-28T15:53:08.405Z] [runtime-status] [6423] Resolved module firebase-functions {"declared":true,"installed":true,"version":"3.13.2","resolution":"/Users/sambadiaw/code/online_courses/zero-to-mastery/complete-react-native-developer/MealsToGo/functions/node_modules/firebase-functions/lib/index.js"} {"metadata":{"emulator":{"name":"functions"},"function":{"name":"placesNearby"},"message":"[runtime-status] [6423] Resolved module firebase-functions {\"declared\":true,\"installed\":true,\"version\":\"3.13.2\",\"resolution\":\"/Users/sambadiaw/code/online_courses/zero-to-mastery/complete-react-native-developer/MealsToGo/functions/node_modules/firebase-functions/lib/index.js\"}"}}
[debug] [2021-03-28T15:53:08.474Z] [runtime-status] [6423] Checked functions.config() {"config":{}} {"metadata":{"emulator":{"name":"functions"},"function":{"name":"placesNearby"},"message":"[runtime-status] [6423] Checked functions.config() {\"config\":{}}"}}
[debug] [2021-03-28T15:53:08.475Z] [runtime-status] [6423] firebase-functions has been stubbed. {"functionsResolution":{"declared":true,"installed":true,"version":"3.13.2","resolution":"/Users/sambadiaw/code/online_courses/zero-to-mastery/complete-react-native-developer/MealsToGo/functions/node_modules/firebase-functions/lib/index.js"}} {"metadata":{"emulator":{"name":"functions"},"function":{"name":"placesNearby"},"message":"[runtime-status] [6423] firebase-functions has been stubbed. {\"functionsResolution\":{\"declared\":true,\"installed\":true,\"version\":\"3.13.2\",\"resolution\":\"/Users/sambadiaw/code/online_courses/zero-to-mastery/complete-react-native-developer/MealsToGo/functions/node_modules/firebase-functions/lib/index.js\"}}"}}
[debug] [2021-03-28T15:53:08.475Z] [runtime-status] [6423] Resolved module firebase-functions {"declared":true,"installed":true,"version":"3.13.2","resolution":"/Users/sambadiaw/code/online_courses/zero-to-mastery/complete-react-native-developer/MealsToGo/functions/node_modules/firebase-functions/lib/index.js"} {"metadata":{"emulator":{"name":"functions"},"function":{"name":"placesNearby"},"message":"[runtime-status] [6423] Resolved module firebase-functions {\"declared\":true,\"installed\":true,\"version\":\"3.13.2\",\"resolution\":\"/Users/sambadiaw/code/online_courses/zero-to-mastery/complete-react-native-developer/MealsToGo/functions/node_modules/firebase-functions/lib/index.js\"}"}}
[debug] [2021-03-28T15:53:08.476Z] [runtime-status] [6423] Resolved module firebase-admin {"declared":true,"installed":true,"version":"9.5.0","resolution":"/Users/sambadiaw/code/online_courses/zero-to-mastery/complete-react-native-developer/MealsToGo/functions/node_modules/firebase-admin/lib/index.js"} {"metadata":{"emulator":{"name":"functions"},"function":{"name":"placesNearby"},"message":"[runtime-status] [6423] Resolved module firebase-admin {\"declared\":true,\"installed\":true,\"version\":\"9.5.0\",\"resolution\":\"/Users/sambadiaw/code/online_courses/zero-to-mastery/complete-react-native-developer/MealsToGo/functions/node_modules/firebase-admin/lib/index.js\"}"}}
[debug] [2021-03-28T15:53:08.477Z] [runtime-status] [6423] Resolved module firebase-functions {"declared":true,"installed":true,"version":"3.13.2","resolution":"/Users/sambadiaw/code/online_courses/zero-to-mastery/complete-react-native-developer/MealsToGo/functions/node_modules/firebase-functions/lib/index.js"} {"metadata":{"emulator":{"name":"functions"},"function":{"name":"placesNearby"},"message":"[runtime-status] [6423] Resolved module firebase-functions {\"declared\":true,\"installed\":true,\"version\":\"3.13.2\",\"resolution\":\"/Users/sambadiaw/code/online_courses/zero-to-mastery/complete-react-native-developer/MealsToGo/functions/node_modules/firebase-functions/lib/index.js\"}"}}
[debug] [2021-03-28T15:53:08.477Z] [runtime-status] [6423] firebase-admin has been stubbed. {"adminResolution":{"declared":true,"installed":true,"version":"9.5.0","resolution":"/Users/sambadiaw/code/online_courses/zero-to-mastery/complete-react-native-developer/MealsToGo/functions/node_modules/firebase-admin/lib/index.js"}} {"metadata":{"emulator":{"name":"functions"},"function":{"name":"placesNearby"},"message":"[runtime-status] [6423] firebase-admin has been stubbed. {\"adminResolution\":{\"declared\":true,\"installed\":true,\"version\":\"9.5.0\",\"resolution\":\"/Users/sambadiaw/code/online_courses/zero-to-mastery/complete-react-native-developer/MealsToGo/functions/node_modules/firebase-admin/lib/index.js\"}}"}}
[debug] [2021-03-28T15:53:08.491Z] [runtime-status] [6423] Trigger "placesNearby" has been found, beginning invocation! {"metadata":{"emulator":{"name":"functions"},"function":{"name":"placesNearby"},"message":"[runtime-status] [6423] Trigger \"placesNearby\" has been found, beginning invocation!"}}
[info] i  functions: Beginning execution of "placesNearby" {"metadata":{"emulator":{"name":"functions"},"function":{"name":"placesNearby"},"message":"Beginning execution of \"placesNearby\""}}
[debug] [2021-03-28T15:53:08.492Z] [runtime-status] [6423] triggerDefinition {"httpsTrigger":{},"name":"placesNearby","entryPoint":"placesNearby"} {"metadata":{"emulator":{"name":"functions"},"function":{"name":"placesNearby"},"message":"[runtime-status] [6423] triggerDefinition {\"httpsTrigger\":{},\"name\":\"placesNearby\",\"entryPoint\":\"placesNearby\"}"}}
[debug] [2021-03-28T15:53:08.492Z] [runtime-status] [6423] Running placesNearby in mode HTTPS {"metadata":{"emulator":{"name":"functions"},"function":{"name":"placesNearby"},"message":"[runtime-status] [6423] Running placesNearby in mode HTTPS"}}
[debug] [2021-03-28T15:53:08.496Z] [runtime-status] [6423] Attempting to listen to socketPath: /var/folders/2w/lgkj1g1s795cq7st2cdjkqhm0000gn/T/fire_emu_6423.sock {"metadata":{"emulator":{"name":"functions"},"function":{"name":"placesNearby"},"message":"[runtime-status] [6423] Attempting to listen to socketPath: /var/folders/2w/lgkj1g1s795cq7st2cdjkqhm0000gn/T/fire_emu_6423.sock"}}
[debug] [2021-03-28T15:53:08.500Z] [functions] Runtime ready! Sending request! {"metadata":{"emulator":{"name":"functions"},"message":"[functions] Runtime ready! Sending request!"}}
[debug] [2021-03-28T15:53:08.501Z] [functions] Got req.url=/mealstogo-a1c97/us-central1/placesNearby?location=51.219448,4.402464, mapping to path=/?location=51.219448,4.402464 {"metadata":{"emulator":{"name":"functions"},"message":"[functions] Got req.url=/mealstogo-a1c97/us-central1/placesNearby?location=51.219448,4.402464, mapping to path=/?location=51.219448,4.402464"}}
[debug] [2021-03-28T15:53:08.521Z] [runtime-status] [6423] Ephemeral server handling GET request {"metadata":{"emulator":{"name":"functions"},"function":{"name":"placesNearby"},"message":"[runtime-status] [6423] Ephemeral server handling GET request"}}
[debug] [2021-03-28T15:53:08.527Z] [runtime-status] [6423] Ephemeral server survived. {"metadata":{"emulator":{"name":"functions"},"function":{"name":"placesNearby"},"message":"[runtime-status] [6423] Ephemeral server survived."}}
[info] i  functions: Finished "placesNearby" in ~1s {"metadata":{"emulator":{"name":"functions"},"function":{"name":"placesNearby"},"message":"Finished \"placesNearby\" in ~1s"}}
[debug] [2021-03-28T15:53:08.537Z] [worker-placesNearby-7a489623-8bba-417d-9718-32780fe4053d]: IDLE {"metadata":{"emulator":{"name":"functions"},"message":"[worker-placesNearby-7a489623-8bba-417d-9718-32780fe4053d]: IDLE"}}
[debug] [2021-03-28T15:53:08.538Z] [work-queue] {"queueLength":0,"workRunningCount":0}
