Arguments: 
  /Users/sambadiaw/.nvm/versions/node/v14.5.0/bin/node /Users/sambadiaw/.nvm/versions/node/v10.16.3/bin/yarn

PATH: 
  /Users/sambadiaw/.nvm/versions/node/v14.5.0/bin:/Users/sambadiaw/.nvm/versions/node/v10.16.3/bin:./bin:./node_modules/.bin:/Users/sambadiaw/.rbenv/bin:/Library/Frameworks/Python.framework/Versions/3.8/bin:/mongodb-macos-x86_64-enterprise-4.4.0/bin:/usr/bin:/bin:/usr/sbin:/sbin:/Users/sambadiaw/.nvm/versions/node/v10.16.3/bin:./bin:./node_modules/.bin:/Users/sambadiaw/.rbenv/bin:/Library/Frameworks/Python.framework/Versions/3.8/bin:/usr/local/sbin:/usr/local/sbin

Yarn version: 
  1.22.4

Node version: 
  14.5.0

Platform: 
  darwin x64

Trace: 
  Error: https://registry.yarnpkg.com/@types/node/-/node-10.17.56.tgz: ENOSPC: no space left on device, write

npm manifest: 
  {
    "name": "functions",
    "description": "Cloud Functions for Firebase",
    "scripts": {
      "serve": "firebase emulators:start --only functions",
      "shell": "firebase functions:shell",
      "start": "npm run shell",
      "deploy": "firebase deploy --only functions",
      "logs": "firebase functions:log"
    },
    "engines": {
      "node": "14"
    },
    "main": "index.js",
    "dependencies": {
      "firebase-admin": "^9.2.0",
      "firebase-functions": "^3.11.0"
    },
    "devDependencies": {
      "firebase-functions-test": "^0.2.0"
    },
    "private": true
  }

yarn manifest: 
  No manifest

Lockfile: 
  No lockfile
